# JRE version: OpenJDK Runtime Environment (17.0.11) (build 17.0.11+0--11852314)
# Java VM: OpenJDK 64-Bit Server VM (17.0.11+0--11852314, mixed mode, tiered, compressed oops, compressed class ptrs, g1 gc, windows-amd64)
GC Precious Log:
 CPUs: 4 total, 4 available
 Memory: 7958M
 Large Page Support: Disabled
 NUMA Support: Disabled
 Compressed Oops: Enabled (32-bit)
 Heap Region Size: 1M
 Heap Min Capacity: 8M
 Heap Initial Capacity: 126M
 Heap Max Capacity: 2G
 Pre-touch: Disabled
 Parallel Workers: 4
 Concurrent Workers: 1
 Concurrent Refinement Workers: 4
 Periodic GC: Disabled
Heap:
 garbage-first heap   total 71680K, used 33171K [0x0000000080000000, 0x0000000100000000)
  region size 1024K, 3 young (3072K), 3 survivors (3072K)
 Metaspace       used 47605K, committed 48000K, reserved 1114112K
  class space    used 6456K, committed 6656K, reserved 1048576K
GC Heap History (20 events):
Event: 3.697 GC heap after
{Heap after GC invocations=3 (full 0):
 garbage-first heap   total 129024K, used 18479K [0x0000000080000000, 0x0000000100000000)
  region size 1024K, 10 young (10240K), 10 survivors (10240K)
 Metaspace       used 14455K, committed 14592K, reserved 1114112K
  class space    used 1590K, committed 1664K, reserved 1048576K
}
Event: 6.366 GC heap before
{Heap before GC invocations=3 (full 0):
 garbage-first heap   total 129024K, used 45103K [0x0000000080000000, 0x0000000100000000)
  region size 1024K, 37 young (37888K), 10 survivors (10240K)
 Metaspace       used 21276K, committed 21504K, reserved 1114112K
  class space    used 2531K, committed 2688K, reserved 1048576K
}
Event: 6.393 GC heap after
{Heap after GC invocations=4 (full 0):
 garbage-first heap   total 129024K, used 20494K [0x0000000080000000, 0x0000000100000000)
  region size 1024K, 3 young (3072K), 3 survivors (3072K)
 Metaspace       used 21276K, committed 21504K, reserved 1114112K
  class space    used 2531K, committed 2688K, reserved 1048576K
}
Event: 14.909 GC heap before
{Heap before GC invocations=5 (full 0):
 garbage-first heap   total 71680K, used 58382K [0x0000000080000000, 0x0000000100000000)
  region size 1024K, 41 young (41984K), 3 survivors (3072K)
 Metaspace       used 27025K, committed 27264K, reserved 1114112K
  class space    used 3486K, committed 3584K, reserved 1048576K
}
Event: 14.915 GC heap after
{Heap after GC invocations=6 (full 0):
 garbage-first heap   total 71680K, used 21965K [0x0000000080000000, 0x0000000100000000)
  region size 1024K, 4 young (4096K), 4 survivors (4096K)
 Metaspace       used 27025K, committed 27264K, reserved 1114112K
  class space    used 3486K, committed 3584K, reserved 1048576K
}
Event: 14.940 GC heap before
{Heap before GC invocations=6 (full 0):
 garbage-first heap   total 71680K, used 22989K [0x0000000080000000, 0x0000000100000000)
  region size 1024K, 5 young (5120K), 4 survivors (4096K)
 Metaspace       used 27157K, committed 27456K, reserved 1114112K
  class space    used 3516K, committed 3648K, reserved 1048576K
}
Event: 14.946 GC heap after
{Heap after GC invocations=7 (full 0):
 garbage-first heap   total 71680K, used 22356K [0x0000000080000000, 0x0000000100000000)
  region size 1024K, 1 young (1024K), 1 survivors (1024K)
 Metaspace       used 27157K, committed 27456K, reserved 1114112K
  class space    used 3516K, committed 3648K, reserved 1048576K
}
Event: 16.851 GC heap before
{Heap before GC invocations=7 (full 0):
 garbage-first heap   total 71680K, used 51028K [0x0000000080000000, 0x0000000100000000)
  region size 1024K, 29 young (29696K), 1 survivors (1024K)
 Metaspace       used 30620K, committed 30912K, reserved 1114112K
  class space    used 4070K, committed 4224K, reserved 1048576K
}
Event: 16.856 GC heap after
{Heap after GC invocations=8 (full 0):
 garbage-first heap   total 71680K, used 23610K [0x0000000080000000, 0x0000000100000000)
  region size 1024K, 2 young (2048K), 2 survivors (2048K)
 Metaspace       used 30620K, committed 30912K, reserved 1114112K
  class space    used 4070K, committed 4224K, reserved 1048576K
}
Event: 18.541 GC heap before
{Heap before GC invocations=8 (full 0):
 garbage-first heap   total 71680K, used 52282K [0x0000000080000000, 0x0000000100000000)
  region size 1024K, 31 young (31744K), 2 survivors (2048K)
 Metaspace       used 34384K, committed 34752K, reserved 1114112K
  class space    used 4688K, committed 4864K, reserved 1048576K
}
Event: 18.545 GC heap after
{Heap after GC invocations=9 (full 0):
 garbage-first heap   total 71680K, used 24900K [0x0000000080000000, 0x0000000100000000)
  region size 1024K, 4 young (4096K), 4 survivors (4096K)
 Metaspace       used 34384K, committed 34752K, reserved 1114112K
  class space    used 4688K, committed 4864K, reserved 1048576K
}
Event: 19.122 GC heap before
{Heap before GC invocations=9 (full 0):
 garbage-first heap   total 71680K, used 35140K [0x0000000080000000, 0x0000000100000000)
  region size 1024K, 15 young (15360K), 4 survivors (4096K)
 Metaspace       used 35639K, committed 35968K, reserved 1114112K
  class space    used 4889K, committed 5056K, reserved 1048576K
}
Event: 19.127 GC heap after
{Heap after GC invocations=10 (full 0):
 garbage-first heap   total 71680K, used 25329K [0x0000000080000000, 0x0000000100000000)
  region size 1024K, 2 young (2048K), 2 survivors (2048K)
 Metaspace       used 35639K, committed 35968K, reserved 1114112K
  class space    used 4889K, committed 5056K, reserved 1048576K
}
Event: 26.642 GC heap before
{Heap before GC invocations=11 (full 0):
 garbage-first heap   total 71680K, used 55025K [0x0000000080000000, 0x0000000100000000)
  region size 1024K, 32 young (32768K), 2 survivors (2048K)
 Metaspace       used 42125K, committed 42560K, reserved 1114112K
  class space    used 5617K, committed 5824K, reserved 1048576K
}
Event: 26.674 GC heap after
{Heap after GC invocations=12 (full 0):
 garbage-first heap   total 71680K, used 27852K [0x0000000080000000, 0x0000000100000000)
  region size 1024K, 4 young (4096K), 4 survivors (4096K)
 Metaspace       used 42125K, committed 42560K, reserved 1114112K
  class space    used 5617K, committed 5824K, reserved 1048576K
}
Event: 27.830 GC heap before
{Heap before GC invocations=12 (full 0):
 garbage-first heap   total 71680K, used 55500K [0x0000000080000000, 0x0000000100000000)
  region size 1024K, 31 young (31744K), 4 survivors (4096K)
 Metaspace       used 43696K, committed 44160K, reserved 1114112K
  class space    used 5829K, committed 6080K, reserved 1048576K
}
Event: 27.842 GC heap after
{Heap after GC invocations=13 (full 0):
 garbage-first heap   total 71680K, used 30798K [0x0000000080000000, 0x0000000100000000)
  region size 1024K, 3 young (3072K), 3 survivors (3072K)
 Metaspace       used 43696K, committed 44160K, reserved 1114112K
  class space    used 5829K, committed 6080K, reserved 1048576K
}
Event: 28.086 GC heap before
{Heap before GC invocations=13 (full 0):
 garbage-first heap   total 71680K, used 56398K [0x0000000080000000, 0x0000000100000000)
  region size 1024K, 28 young (28672K), 3 survivors (3072K)
 Metaspace       used 44358K, committed 44800K, reserved 1114112K
  class space    used 5919K, committed 6144K, reserved 1048576K
}
Event: 28.089 GC heap after
{Heap after GC invocations=14 (full 0):
 garbage-first heap   total 71680K, used 31262K [0x0000000080000000, 0x0000000100000000)
  region size 1024K, 1 young (1024K), 1 survivors (1024K)
 Metaspace       used 44358K, committed 44800K, reserved 1114112K
  class space    used 5919K, committed 6144K, reserved 1048576K
}
Event: 28.864 GC heap before
{Heap before GC invocations=14 (full 0):
 garbage-first heap   total 71680K, used 56862K [0x0000000080000000, 0x0000000100000000)
  region size 1024K, 27 young (27648K), 1 survivors (1024K)
 Metaspace       used 47605K, committed 48000K, reserved 1114112K
  class space    used 6456K, committed 6656K, reserved 1048576K
}

